{"__type":"$$EventMessageAudit","id":"657751ca-9726-4c92-a38b-0094d1f1a104","ts":"2026-04-26T15:47:31.837+00:00","eventName":"n8n.audit.workflow.created","message":"n8n.audit.workflow.created","payload":{"userId":"fdce8772-e624-451b-bbf5-9a13dca5ea97","_email":"hiba.nasri@emsi-edu.ma","_firstName":"Hiba","_lastName":"Nasri","globalRole":"global:owner","workflowId":"sEwnlcS6sDW7poEd","workflowName":"My workflow"}}
{"__type":"$$EventMessageConfirm","confirm":"657751ca-9726-4c92-a38b-0094d1f1a104","ts":"2026-04-26T15:47:31.838+00:00","source":{"id":"0","name":"eventBus"}}
{"__type":"$$EventMessageAudit","id":"bff5cb44-164a-4338-a767-818b26937d89","ts":"2026-04-26T15:47:41.431+00:00","eventName":"n8n.audit.workflow.updated","message":"n8n.audit.workflow.updated","payload":{"userId":"fdce8772-e624-451b-bbf5-9a13dca5ea97","_email":"hiba.nasri@emsi-edu.ma","_firstName":"Hiba","_lastName":"Nasri","globalRole":"global:owner","workflowId":"sEwnlcS6sDW7poEd","workflowName":"My workflow"}}
{"__type":"$$EventMessageConfirm","confirm":"bff5cb44-164a-4338-a767-818b26937d89","ts":"2026-04-26T15:47:41.431+00:00","source":{"id":"0","name":"eventBus"}}
{"__type":"$$EventMessageAudit","id":"a999028a-300e-4b1c-ad58-3d46a2890033","ts":"2026-04-26T15:48:11.592+00:00","eventName":"n8n.audit.workflow.updated","message":"n8n.audit.workflow.updated","payload":{"userId":"fdce8772-e624-451b-bbf5-9a13dca5ea97","_email":"hiba.nasri@emsi-edu.ma","_firstName":"Hiba","_lastName":"Nasri","globalRole":"global:owner","workflowId":"sEwnlcS6sDW7poEd","workflowName":"My workflow"}}
{"__type":"$$EventMessageConfirm","confirm":"a999028a-300e-4b1c-ad58-3d46a2890033","ts":"2026-04-26T15:48:11.592+00:00","source":{"id":"0","name":"eventBus"}}
{"__type":"$$EventMessageAudit","id":"31fa5c81-bc4c-483b-9b93-84d236e60003","ts":"2026-04-26T15:49:51.054+00:00","eventName":"n8n.audit.workflow.updated","message":"n8n.audit.workflow.updated","payload":{"userId":"fdce8772-e624-451b-bbf5-9a13dca5ea97","_email":"hiba.nasri@emsi-edu.ma","_firstName":"Hiba","_lastName":"Nasri","globalRole":"global:owner","workflowId":"sEwnlcS6sDW7poEd","workflowName":"My workflow"}}
{"__type":"$$EventMessageConfirm","confirm":"31fa5c81-bc4c-483b-9b93-84d236e60003","ts":"2026-04-26T15:49:51.054+00:00","source":{"id":"0","name":"eventBus"}}
{"__type":"$$EventMessageAudit","id":"d590ec81-9459-4cd3-b7d2-03cf6abf05fa","ts":"2026-04-26T15:50:01.373+00:00","eventName":"n8n.audit.workflow.updated","message":"n8n.audit.workflow.updated","payload":{"userId":"fdce8772-e624-451b-bbf5-9a13dca5ea97","_email":"hiba.nasri@emsi-edu.ma","_firstName":"Hiba","_lastName":"Nasri","globalRole":"global:owner","workflowId":"sEwnlcS6sDW7poEd","workflowName":"My workflow"}}
{"__type":"$$EventMessageConfirm","confirm":"d590ec81-9459-4cd3-b7d2-03cf6abf05fa","ts":"2026-04-26T15:50:01.374+00:00","source":{"id":"0","name":"eventBus"}}
{"__type":"$$EventMessageAudit","id":"52bc46ca-ff78-4f7c-afab-59c5d72f75df","ts":"2026-04-26T15:51:05.091+00:00","eventName":"n8n.audit.workflow.updated","message":"n8n.audit.workflow.updated","payload":{"userId":"fdce8772-e624-451b-bbf5-9a13dca5ea97","_email":"hiba.nasri@emsi-edu.ma","_firstName":"Hiba","_lastName":"Nasri","globalRole":"global:owner","workflowId":"sEwnlcS6sDW7poEd","workflowName":"My workflow"}}
{"__type":"$$EventMessageConfirm","confirm":"52bc46ca-ff78-4f7c-afab-59c5d72f75df","ts":"2026-04-26T15:51:05.091+00:00","source":{"id":"0","name":"eventBus"}}
{"__type":"$$EventMessageAudit","id":"f1ed0a62-5763-4209-bd87-ef946e2d8fc4","ts":"2026-04-26T15:51:47.070+00:00","eventName":"n8n.audit.workflow.updated","message":"n8n.audit.workflow.updated","payload":{"userId":"fdce8772-e624-451b-bbf5-9a13dca5ea97","_email":"hiba.nasri@emsi-edu.ma","_firstName":"Hiba","_lastName":"Nasri","globalRole":"global:owner","workflowId":"sEwnlcS6sDW7poEd","workflowName":"My workflow"}}
{"__type":"$$EventMessageConfirm","confirm":"f1ed0a62-5763-4209-bd87-ef946e2d8fc4","ts":"2026-04-26T15:51:47.070+00:00","source":{"id":"0","name":"eventBus"}}
{"__type":"$$EventMessageAudit","id":"e64015ee-c89e-48b8-b257-a8862c7771fd","ts":"2026-04-26T15:51:50.459+00:00","eventName":"n8n.audit.workflow.updated","message":"n8n.audit.workflow.updated","payload":{"userId":"fdce8772-e624-451b-bbf5-9a13dca5ea97","_email":"hiba.nasri@emsi-edu.ma","_firstName":"Hiba","_lastName":"Nasri","globalRole":"global:owner","workflowId":"sEwnlcS6sDW7poEd","workflowName":"My workflow"}}
{"__type":"$$EventMessageConfirm","confirm":"e64015ee-c89e-48b8-b257-a8862c7771fd","ts":"2026-04-26T15:51:50.459+00:00","source":{"id":"0","name":"eventBus"}}
{"__type":"$$EventMessageAudit","id":"1de364d4-11c8-4812-bd06-017bb14af5c0","ts":"2026-04-26T15:53:04.120+00:00","eventName":"n8n.audit.user.credentials.created","message":"n8n.audit.user.credentials.created","payload":{"userId":"fdce8772-e624-451b-bbf5-9a13dca5ea97","_email":"hiba.nasri@emsi-edu.ma","_firstName":"Hiba","_lastName":"Nasri","globalRole":"global:owner","credentialType":"httpHeaderAuth","credentialId":"zFCF9qIK3NpSA0qr","publicApi":false,"projectId":"UvgSRX7FWz73BfQS","projectType":"personal","isDynamic":false,"usesExternalSecrets":false}}
{"__type":"$$EventMessageConfirm","confirm":"1de364d4-11c8-4812-bd06-017bb14af5c0","ts":"2026-04-26T15:53:04.120+00:00","source":{"id":"0","name":"eventBus"}}
{"__type":"$$EventMessageAudit","id":"aad8d0c3-f2fc-4d10-b96f-4cdbcf874ff0","ts":"2026-04-26T15:53:05.598+00:00","eventName":"n8n.audit.workflow.updated","message":"n8n.audit.workflow.updated","payload":{"userId":"fdce8772-e624-451b-bbf5-9a13dca5ea97","_email":"hiba.nasri@emsi-edu.ma","_firstName":"Hiba","_lastName":"Nasri","globalRole":"global:owner","workflowId":"sEwnlcS6sDW7poEd","workflowName":"My workflow"}}
{"__type":"$$EventMessageConfirm","confirm":"aad8d0c3-f2fc-4d10-b96f-4cdbcf874ff0","ts":"2026-04-26T15:53:05.598+00:00","source":{"id":"0","name":"eventBus"}}
{"__type":"$$EventMessageAudit","id":"5ef434b0-73ae-417e-8b42-b03a0802750e","ts":"2026-04-26T15:53:37.139+00:00","eventName":"n8n.audit.workflow.updated","message":"n8n.audit.workflow.updated","payload":{"userId":"fdce8772-e624-451b-bbf5-9a13dca5ea97","_email":"hiba.nasri@emsi-edu.ma","_firstName":"Hiba","_lastName":"Nasri","globalRole":"global:owner","workflowId":"sEwnlcS6sDW7poEd","workflowName":"My workflow"}}
{"__type":"$$EventMessageConfirm","confirm":"5ef434b0-73ae-417e-8b42-b03a0802750e","ts":"2026-04-26T15:53:37.139+00:00","source":{"id":"0","name":"eventBus"}}
{"__type":"$$EventMessageAudit","id":"69f3088d-6ce6-4fd3-8eb7-937c8ae4f30e","ts":"2026-04-26T15:53:40.138+00:00","eventName":"n8n.audit.workflow.updated","message":"n8n.audit.workflow.updated","payload":{"userId":"fdce8772-e624-451b-bbf5-9a13dca5ea97","_email":"hiba.nasri@emsi-edu.ma","_firstName":"Hiba","_lastName":"Nasri","globalRole":"global:owner","workflowId":"sEwnlcS6sDW7poEd","workflowName":"My workflow"}}
{"__type":"$$EventMessageConfirm","confirm":"69f3088d-6ce6-4fd3-8eb7-937c8ae4f30e","ts":"2026-04-26T15:53:40.139+00:00","source":{"id":"0","name":"eventBus"}}
{"__type":"$$EventMessageWorkflow","id":"5ce7164b-8961-427d-bee6-8303a252fd28","ts":"2026-04-26T15:53:46.069+00:00","eventName":"n8n.workflow.failed","message":"n8n.workflow.failed","payload":{"userId":"fdce8772-e624-451b-bbf5-9a13dca5ea97","executionId":"1","success":false,"isManual":true,"mode":"manual","workflowId":"sEwnlcS6sDW7poEd","workflowName":"My workflow","projectId":"UvgSRX7FWz73BfQS","projectName":"Hiba Nasri <hiba.nasri@emsi-edu.ma>","errorMessage":"The workflow has issues and cannot be executed for that reason. Please fix them first."}}
{"__type":"$$EventMessageConfirm","confirm":"5ce7164b-8961-427d-bee6-8303a252fd28","ts":"2026-04-26T15:53:46.069+00:00","source":{"id":"0","name":"eventBus"}}
{"__type":"$$EventMessageAudit","id":"47ebcee6-8d7e-41a5-ad65-aea78ac25a76","ts":"2026-04-26T15:55:10.131+00:00","eventName":"n8n.audit.workflow.updated","message":"n8n.audit.workflow.updated","payload":{"userId":"fdce8772-e624-451b-bbf5-9a13dca5ea97","_email":"hiba.nasri@emsi-edu.ma","_firstName":"Hiba","_lastName":"Nasri","globalRole":"global:owner","workflowId":"sEwnlcS6sDW7poEd","workflowName":"My workflow"}}
{"__type":"$$EventMessageConfirm","confirm":"47ebcee6-8d7e-41a5-ad65-aea78ac25a76","ts":"2026-04-26T15:55:10.131+00:00","source":{"id":"0","name":"eventBus"}}
{"__type":"$$EventMessageAudit","id":"4e61b02d-2a7d-4fe0-b259-1bf4606eb2b7","ts":"2026-04-26T15:55:11.044+00:00","eventName":"n8n.audit.workflow.executed","message":"n8n.audit.workflow.executed","payload":{"userId":"fdce8772-e624-451b-bbf5-9a13dca5ea97","_email":"hiba.nasri@emsi-edu.ma","_firstName":"Hiba","_lastName":"Nasri","globalRole":"global:owner","workflowId":"sEwnlcS6sDW7poEd","workflowName":"My workflow","executionId":"2","source":"user-manual"}}
{"__type":"$$EventMessageConfirm","confirm":"4e61b02d-2a7d-4fe0-b259-1bf4606eb2b7","ts":"2026-04-26T15:55:11.044+00:00","source":{"id":"0","name":"eventBus"}}
{"__type":"$$EventMessageWorkflow","id":"93276685-c98c-4349-9446-c5e70c0a40d8","ts":"2026-04-26T15:55:11.044+00:00","eventName":"n8n.workflow.started","message":"n8n.workflow.started","payload":{"executionId":"2","workflowId":"sEwnlcS6sDW7poEd","isManual":false,"mode":"manual","workflowName":"My workflow","projectId":"UvgSRX7FWz73BfQS","projectName":"Hiba Nasri <hiba.nasri@emsi-edu.ma>"}}
{"__type":"$$EventMessageConfirm","confirm":"93276685-c98c-4349-9446-c5e70c0a40d8","ts":"2026-04-26T15:55:11.044+00:00","source":{"id":"0","name":"eventBus"}}
{"__type":"$$EventMessageNode","id":"24107cb9-4867-4c4b-b5ec-d6317627c784","ts":"2026-04-26T15:55:11.055+00:00","eventName":"n8n.node.started","message":"n8n.node.started","payload":{"workflowId":"sEwnlcS6sDW7poEd","workflowName":"My workflow","executionId":"2","nodeType":"n8n-nodes-base.manualTrigger","nodeName":"When clicking ‘Execute workflow’","nodeId":"1eb0a7e0-2a9a-49f4-a5a9-06e18e4630b4"}}
{"__type":"$$EventMessageConfirm","confirm":"24107cb9-4867-4c4b-b5ec-d6317627c784","ts":"2026-04-26T15:55:11.056+00:00","source":{"id":"0","name":"eventBus"}}
{"__type":"$$EventMessageNode","id":"94fb97ac-75ca-4751-ae6f-b50363240018","ts":"2026-04-26T15:55:11.061+00:00","eventName":"n8n.node.finished","message":"n8n.node.finished","payload":{"workflowId":"sEwnlcS6sDW7poEd","workflowName":"My workflow","executionId":"2","nodeType":"n8n-nodes-base.manualTrigger","nodeName":"When clicking ‘Execute workflow’","nodeId":"1eb0a7e0-2a9a-49f4-a5a9-06e18e4630b4"}}
{"__type":"$$EventMessageConfirm","confirm":"94fb97ac-75ca-4751-ae6f-b50363240018","ts":"2026-04-26T15:55:11.061+00:00","source":{"id":"0","name":"eventBus"}}
{"__type":"$$EventMessageNode","id":"eecd89b2-8835-45c6-9fa3-0de79bf6310d","ts":"2026-04-26T15:55:11.062+00:00","eventName":"n8n.node.started","message":"n8n.node.started","payload":{"workflowId":"sEwnlcS6sDW7poEd","workflowName":"My workflow","executionId":"2","nodeType":"n8n-nodes-base.httpRequest","nodeName":"HTTP Request","nodeId":"11faa514-b870-4a85-b9b6-c8bc0d029d4c"}}
{"__type":"$$EventMessageConfirm","confirm":"eecd89b2-8835-45c6-9fa3-0de79bf6310d","ts":"2026-04-26T15:55:11.062+00:00","source":{"id":"0","name":"eventBus"}}
{"__type":"$$EventMessageNode","id":"a6de45db-3cab-442c-b3a7-0335267747f5","ts":"2026-04-26T15:55:11.448+00:00","eventName":"n8n.node.finished","message":"n8n.node.finished","payload":{"workflowId":"sEwnlcS6sDW7poEd","workflowName":"My workflow","executionId":"2","nodeType":"n8n-nodes-base.httpRequest","nodeName":"HTTP Request","nodeId":"11faa514-b870-4a85-b9b6-c8bc0d029d4c"}}
{"__type":"$$EventMessageConfirm","confirm":"a6de45db-3cab-442c-b3a7-0335267747f5","ts":"2026-04-26T15:55:11.448+00:00","source":{"id":"0","name":"eventBus"}}
{"__type":"$$EventMessageWorkflow","id":"815e8c3e-0e3e-4052-bedc-ef0509ef9fb5","ts":"2026-04-26T15:55:11.452+00:00","eventName":"n8n.workflow.failed","message":"n8n.workflow.failed","payload":{"userId":"fdce8772-e624-451b-bbf5-9a13dca5ea97","executionId":"2","success":false,"isManual":true,"mode":"manual","workflowId":"sEwnlcS6sDW7poEd","workflowName":"My workflow","projectId":"UvgSRX7FWz73BfQS","projectName":"Hiba Nasri <hiba.nasri@emsi-edu.ma>","lastNodeExecuted":"HTTP Request","errorNodeType":"n8n-nodes-base.httpRequest","errorMessage":"The resource you are requesting could not be found"}}
{"__type":"$$EventMessageConfirm","confirm":"815e8c3e-0e3e-4052-bedc-ef0509ef9fb5","ts":"2026-04-26T15:55:11.452+00:00","source":{"id":"0","name":"eventBus"}}
{"__type":"$$EventMessageAudit","id":"eabb4f73-98b6-4342-b7d6-82e18b5bd7cd","ts":"2026-04-26T15:57:26.139+00:00","eventName":"n8n.audit.workflow.updated","message":"n8n.audit.workflow.updated","payload":{"userId":"fdce8772-e624-451b-bbf5-9a13dca5ea97","_email":"hiba.nasri@emsi-edu.ma","_firstName":"Hiba","_lastName":"Nasri","globalRole":"global:owner","workflowId":"sEwnlcS6sDW7poEd","workflowName":"My workflow"}}
{"__type":"$$EventMessageConfirm","confirm":"eabb4f73-98b6-4342-b7d6-82e18b5bd7cd","ts":"2026-04-26T15:57:26.139+00:00","source":{"id":"0","name":"eventBus"}}
{"__type":"$$EventMessageAudit","id":"230c76d1-fa7a-4ff6-af85-3952dbefb7df","ts":"2026-04-26T15:57:58.164+00:00","eventName":"n8n.audit.workflow.updated","message":"n8n.audit.workflow.updated","payload":{"userId":"fdce8772-e624-451b-bbf5-9a13dca5ea97","_email":"hiba.nasri@emsi-edu.ma","_firstName":"Hiba","_lastName":"Nasri","globalRole":"global:owner","workflowId":"sEwnlcS6sDW7poEd","workflowName":"My workflow"}}
{"__type":"$$EventMessageConfirm","confirm":"230c76d1-fa7a-4ff6-af85-3952dbefb7df","ts":"2026-04-26T15:57:58.164+00:00","source":{"id":"0","name":"eventBus"}}
{"__type":"$$EventMessageAudit","id":"b9f024e5-e986-49b6-9225-50d7c07ce7e0","ts":"2026-04-26T15:58:00.274+00:00","eventName":"n8n.audit.workflow.updated","message":"n8n.audit.workflow.updated","payload":{"userId":"fdce8772-e624-451b-bbf5-9a13dca5ea97","_email":"hiba.nasri@emsi-edu.ma","_firstName":"Hiba","_lastName":"Nasri","globalRole":"global:owner","workflowId":"sEwnlcS6sDW7poEd","workflowName":"My workflow"}}
{"__type":"$$EventMessageConfirm","confirm":"b9f024e5-e986-49b6-9225-50d7c07ce7e0","ts":"2026-04-26T15:58:00.274+00:00","source":{"id":"0","name":"eventBus"}}
{"__type":"$$EventMessageAudit","id":"ddc9542a-ea00-49d4-863f-6e0054b3ca66","ts":"2026-04-26T15:58:03.829+00:00","eventName":"n8n.audit.workflow.executed","message":"n8n.audit.workflow.executed","payload":{"userId":"fdce8772-e624-451b-bbf5-9a13dca5ea97","_email":"hiba.nasri@emsi-edu.ma","_firstName":"Hiba","_lastName":"Nasri","globalRole":"global:owner","workflowId":"sEwnlcS6sDW7poEd","workflowName":"My workflow","executionId":"3","source":"user-manual"}}
{"__type":"$$EventMessageConfirm","confirm":"ddc9542a-ea00-49d4-863f-6e0054b3ca66","ts":"2026-04-26T15:58:03.829+00:00","source":{"id":"0","name":"eventBus"}}
{"__type":"$$EventMessageWorkflow","id":"04763830-a3ae-4a63-8a26-99aca976e68a","ts":"2026-04-26T15:58:03.830+00:00","eventName":"n8n.workflow.started","message":"n8n.workflow.started","payload":{"executionId":"3","workflowId":"sEwnlcS6sDW7poEd","isManual":false,"mode":"manual","workflowName":"My workflow","projectId":"UvgSRX7FWz73BfQS","projectName":"Hiba Nasri <hiba.nasri@emsi-edu.ma>"}}
{"__type":"$$EventMessageConfirm","confirm":"04763830-a3ae-4a63-8a26-99aca976e68a","ts":"2026-04-26T15:58:03.830+00:00","source":{"id":"0","name":"eventBus"}}
{"__type":"$$EventMessageNode","id":"a84b251e-7ba1-4721-95d9-dc709fea2022","ts":"2026-04-26T15:58:03.842+00:00","eventName":"n8n.node.started","message":"n8n.node.started","payload":{"workflowId":"sEwnlcS6sDW7poEd","workflowName":"My workflow","executionId":"3","nodeType":"n8n-nodes-base.httpRequest","nodeName":"HTTP Request","nodeId":"11faa514-b870-4a85-b9b6-c8bc0d029d4c"}}
{"__type":"$$EventMessageConfirm","confirm":"a84b251e-7ba1-4721-95d9-dc709fea2022","ts":"2026-04-26T15:58:03.843+00:00","source":{"id":"0","name":"eventBus"}}
{"__type":"$$EventMessageNode","id":"1499fab8-5b53-408e-984e-0aea3c687bdd","ts":"2026-04-26T15:58:04.194+00:00","eventName":"n8n.node.finished","message":"n8n.node.finished","payload":{"workflowId":"sEwnlcS6sDW7poEd","workflowName":"My workflow","executionId":"3","nodeType":"n8n-nodes-base.httpRequest","nodeName":"HTTP Request","nodeId":"11faa514-b870-4a85-b9b6-c8bc0d029d4c"}}
{"__type":"$$EventMessageConfirm","confirm":"1499fab8-5b53-408e-984e-0aea3c687bdd","ts":"2026-04-26T15:58:04.194+00:00","source":{"id":"0","name":"eventBus"}}
{"__type":"$$EventMessageWorkflow","id":"72fc6ce4-2335-4c37-b283-bd6eca553f38","ts":"2026-04-26T15:58:04.195+00:00","eventName":"n8n.workflow.failed","message":"n8n.workflow.failed","payload":{"userId":"fdce8772-e624-451b-bbf5-9a13dca5ea97","executionId":"3","success":false,"isManual":true,"mode":"manual","workflowId":"sEwnlcS6sDW7poEd","workflowName":"My workflow","projectId":"UvgSRX7FWz73BfQS","projectName":"Hiba Nasri <hiba.nasri@emsi-edu.ma>","lastNodeExecuted":"HTTP Request","errorNodeType":"n8n-nodes-base.httpRequest","errorMessage":"Bad request - please check your parameters"}}
{"__type":"$$EventMessageConfirm","confirm":"72fc6ce4-2335-4c37-b283-bd6eca553f38","ts":"2026-04-26T15:58:04.195+00:00","source":{"id":"0","name":"eventBus"}}
{"__type":"$$EventMessageAudit","id":"9d3d4278-0586-4fac-a52a-2f89bc4ba112","ts":"2026-04-26T15:59:08.711+00:00","eventName":"n8n.audit.workflow.updated","message":"n8n.audit.workflow.updated","payload":{"userId":"fdce8772-e624-451b-bbf5-9a13dca5ea97","_email":"hiba.nasri@emsi-edu.ma","_firstName":"Hiba","_lastName":"Nasri","globalRole":"global:owner","workflowId":"sEwnlcS6sDW7poEd","workflowName":"My workflow"}}
{"__type":"$$EventMessageConfirm","confirm":"9d3d4278-0586-4fac-a52a-2f89bc4ba112","ts":"2026-04-26T15:59:08.712+00:00","source":{"id":"0","name":"eventBus"}}
{"__type":"$$EventMessageAudit","id":"e9705581-d9de-4b31-8b25-82a7fb5cebb3","ts":"2026-04-26T15:59:10.169+00:00","eventName":"n8n.audit.workflow.updated","message":"n8n.audit.workflow.updated","payload":{"userId":"fdce8772-e624-451b-bbf5-9a13dca5ea97","_email":"hiba.nasri@emsi-edu.ma","_firstName":"Hiba","_lastName":"Nasri","globalRole":"global:owner","workflowId":"sEwnlcS6sDW7poEd","workflowName":"My workflow"}}
{"__type":"$$EventMessageConfirm","confirm":"e9705581-d9de-4b31-8b25-82a7fb5cebb3","ts":"2026-04-26T15:59:10.169+00:00","source":{"id":"0","name":"eventBus"}}
{"__type":"$$EventMessageAudit","id":"b8ed204a-1e50-48ad-ba79-e935eb217b38","ts":"2026-04-26T15:59:14.859+00:00","eventName":"n8n.audit.workflow.updated","message":"n8n.audit.workflow.updated","payload":{"userId":"fdce8772-e624-451b-bbf5-9a13dca5ea97","_email":"hiba.nasri@emsi-edu.ma","_firstName":"Hiba","_lastName":"Nasri","globalRole":"global:owner","workflowId":"sEwnlcS6sDW7poEd","workflowName":"My workflow"}}
{"__type":"$$EventMessageConfirm","confirm":"b8ed204a-1e50-48ad-ba79-e935eb217b38","ts":"2026-04-26T15:59:14.859+00:00","source":{"id":"0","name":"eventBus"}}
{"__type":"$$EventMessageAudit","id":"97721693-1667-4c49-b335-82b683cbcc73","ts":"2026-04-26T15:59:19.252+00:00","eventName":"n8n.audit.workflow.updated","message":"n8n.audit.workflow.updated","payload":{"userId":"fdce8772-e624-451b-bbf5-9a13dca5ea97","_email":"hiba.nasri@emsi-edu.ma","_firstName":"Hiba","_lastName":"Nasri","globalRole":"global:owner","workflowId":"sEwnlcS6sDW7poEd","workflowName":"My workflow"}}
{"__type":"$$EventMessageConfirm","confirm":"97721693-1667-4c49-b335-82b683cbcc73","ts":"2026-04-26T15:59:19.252+00:00","source":{"id":"0","name":"eventBus"}}
{"__type":"$$EventMessageAudit","id":"2243529c-f6cf-4d2d-aa39-72558adfbfe1","ts":"2026-04-26T15:59:20.176+00:00","eventName":"n8n.audit.workflow.executed","message":"n8n.audit.workflow.executed","payload":{"userId":"fdce8772-e624-451b-bbf5-9a13dca5ea97","_email":"hiba.nasri@emsi-edu.ma","_firstName":"Hiba","_lastName":"Nasri","globalRole":"global:owner","workflowId":"sEwnlcS6sDW7poEd","workflowName":"My workflow","executionId":"4","source":"user-manual"}}
{"__type":"$$EventMessageConfirm","confirm":"2243529c-f6cf-4d2d-aa39-72558adfbfe1","ts":"2026-04-26T15:59:20.176+00:00","source":{"id":"0","name":"eventBus"}}
{"__type":"$$EventMessageWorkflow","id":"07c2104b-7964-40a9-91b4-5139acb3e99f","ts":"2026-04-26T15:59:20.176+00:00","eventName":"n8n.workflow.started","message":"n8n.workflow.started","payload":{"executionId":"4","workflowId":"sEwnlcS6sDW7poEd","isManual":false,"mode":"manual","workflowName":"My workflow","projectId":"UvgSRX7FWz73BfQS","projectName":"Hiba Nasri <hiba.nasri@emsi-edu.ma>"}}
{"__type":"$$EventMessageConfirm","confirm":"07c2104b-7964-40a9-91b4-5139acb3e99f","ts":"2026-04-26T15:59:20.176+00:00","source":{"id":"0","name":"eventBus"}}
{"__type":"$$EventMessageNode","id":"b76fe08a-ffc8-44aa-ba4c-68a610dc20b6","ts":"2026-04-26T15:59:20.191+00:00","eventName":"n8n.node.started","message":"n8n.node.started","payload":{"workflowId":"sEwnlcS6sDW7poEd","workflowName":"My workflow","executionId":"4","nodeType":"n8n-nodes-base.httpRequest","nodeName":"HTTP Request","nodeId":"11faa514-b870-4a85-b9b6-c8bc0d029d4c"}}
{"__type":"$$EventMessageConfirm","confirm":"b76fe08a-ffc8-44aa-ba4c-68a610dc20b6","ts":"2026-04-26T15:59:20.191+00:00","source":{"id":"0","name":"eventBus"}}
{"__type":"$$EventMessageNode","id":"539739e3-491c-4511-ba00-6205f4e4a6fd","ts":"2026-04-26T15:59:20.526+00:00","eventName":"n8n.node.finished","message":"n8n.node.finished","payload":{"workflowId":"sEwnlcS6sDW7poEd","workflowName":"My workflow","executionId":"4","nodeType":"n8n-nodes-base.httpRequest","nodeName":"HTTP Request","nodeId":"11faa514-b870-4a85-b9b6-c8bc0d029d4c"}}
{"__type":"$$EventMessageConfirm","confirm":"539739e3-491c-4511-ba00-6205f4e4a6fd","ts":"2026-04-26T15:59:20.526+00:00","source":{"id":"0","name":"eventBus"}}
{"__type":"$$EventMessageWorkflow","id":"d5ca260c-2186-40af-9729-d45df819b093","ts":"2026-04-26T15:59:20.531+00:00","eventName":"n8n.workflow.failed","message":"n8n.workflow.failed","payload":{"userId":"fdce8772-e624-451b-bbf5-9a13dca5ea97","executionId":"4","success":false,"isManual":true,"mode":"manual","workflowId":"sEwnlcS6sDW7poEd","workflowName":"My workflow","projectId":"UvgSRX7FWz73BfQS","projectName":"Hiba Nasri <hiba.nasri@emsi-edu.ma>","lastNodeExecuted":"HTTP Request","errorNodeType":"n8n-nodes-base.httpRequest","errorMessage":"Bad request - please check your parameters"}}
{"__type":"$$EventMessageConfirm","confirm":"d5ca260c-2186-40af-9729-d45df819b093","ts":"2026-04-26T15:59:20.531+00:00","source":{"id":"0","name":"eventBus"}}
{"__type":"$$EventMessageAudit","id":"5f0877c1-faee-4efd-ad30-a0d5f68ac717","ts":"2026-04-26T15:59:28.027+00:00","eventName":"n8n.audit.workflow.updated","message":"n8n.audit.workflow.updated","payload":{"userId":"fdce8772-e624-451b-bbf5-9a13dca5ea97","_email":"hiba.nasri@emsi-edu.ma","_firstName":"Hiba","_lastName":"Nasri","globalRole":"global:owner","workflowId":"sEwnlcS6sDW7poEd","workflowName":"My workflow"}}
{"__type":"$$EventMessageConfirm","confirm":"5f0877c1-faee-4efd-ad30-a0d5f68ac717","ts":"2026-04-26T15:59:28.027+00:00","source":{"id":"0","name":"eventBus"}}
{"__type":"$$EventMessageAudit","id":"b5385ecb-dead-4340-95f6-a3a722a7e4b3","ts":"2026-04-26T15:59:32.594+00:00","eventName":"n8n.audit.workflow.executed","message":"n8n.audit.workflow.executed","payload":{"userId":"fdce8772-e624-451b-bbf5-9a13dca5ea97","_email":"hiba.nasri@emsi-edu.ma","_firstName":"Hiba","_lastName":"Nasri","globalRole":"global:owner","workflowId":"sEwnlcS6sDW7poEd","workflowName":"My workflow","executionId":"5","source":"user-manual"}}
{"__type":"$$EventMessageConfirm","confirm":"b5385ecb-dead-4340-95f6-a3a722a7e4b3","ts":"2026-04-26T15:59:32.594+00:00","source":{"id":"0","name":"eventBus"}}
{"__type":"$$EventMessageWorkflow","id":"83660786-70d1-462f-a7d4-f9d5bcb77186","ts":"2026-04-26T15:59:32.594+00:00","eventName":"n8n.workflow.started","message":"n8n.workflow.started","payload":{"executionId":"5","workflowId":"sEwnlcS6sDW7poEd","isManual":false,"mode":"manual","workflowName":"My workflow","projectId":"UvgSRX7FWz73BfQS","projectName":"Hiba Nasri <hiba.nasri@emsi-edu.ma>"}}
{"__type":"$$EventMessageConfirm","confirm":"83660786-70d1-462f-a7d4-f9d5bcb77186","ts":"2026-04-26T15:59:32.594+00:00","source":{"id":"0","name":"eventBus"}}
{"__type":"$$EventMessageNode","id":"d18e58cc-5a58-435d-8409-a21a6aca1962","ts":"2026-04-26T15:59:32.608+00:00","eventName":"n8n.node.started","message":"n8n.node.started","payload":{"workflowId":"sEwnlcS6sDW7poEd","workflowName":"My workflow","executionId":"5","nodeType":"n8n-nodes-base.httpRequest","nodeName":"HTTP Request","nodeId":"11faa514-b870-4a85-b9b6-c8bc0d029d4c"}}
{"__type":"$$EventMessageConfirm","confirm":"d18e58cc-5a58-435d-8409-a21a6aca1962","ts":"2026-04-26T15:59:32.608+00:00","source":{"id":"0","name":"eventBus"}}
{"__type":"$$EventMessageNode","id":"38c3a237-6d33-4c01-a570-4cfcff7b39ac","ts":"2026-04-26T15:59:32.888+00:00","eventName":"n8n.node.finished","message":"n8n.node.finished","payload":{"workflowId":"sEwnlcS6sDW7poEd","workflowName":"My workflow","executionId":"5","nodeType":"n8n-nodes-base.httpRequest","nodeName":"HTTP Request","nodeId":"11faa514-b870-4a85-b9b6-c8bc0d029d4c"}}
{"__type":"$$EventMessageConfirm","confirm":"38c3a237-6d33-4c01-a570-4cfcff7b39ac","ts":"2026-04-26T15:59:32.888+00:00","source":{"id":"0","name":"eventBus"}}
{"__type":"$$EventMessageWorkflow","id":"396cf2b8-4405-4f69-9275-98fd20d740d5","ts":"2026-04-26T15:59:32.890+00:00","eventName":"n8n.workflow.failed","message":"n8n.workflow.failed","payload":{"userId":"fdce8772-e624-451b-bbf5-9a13dca5ea97","executionId":"5","success":false,"isManual":true,"mode":"manual","workflowId":"sEwnlcS6sDW7poEd","workflowName":"My workflow","projectId":"UvgSRX7FWz73BfQS","projectName":"Hiba Nasri <hiba.nasri@emsi-edu.ma>","lastNodeExecuted":"HTTP Request","errorNodeType":"n8n-nodes-base.httpRequest","errorMessage":"The resource you are requesting could not be found"}}
{"__type":"$$EventMessageConfirm","confirm":"396cf2b8-4405-4f69-9275-98fd20d740d5","ts":"2026-04-26T15:59:32.890+00:00","source":{"id":"0","name":"eventBus"}}
{"__type":"$$EventMessageAudit","id":"a3bceb45-e576-43d4-97aa-049a3a4105a0","ts":"2026-04-26T16:00:41.997+00:00","eventName":"n8n.audit.workflow.executed","message":"n8n.audit.workflow.executed","payload":{"userId":"fdce8772-e624-451b-bbf5-9a13dca5ea97","_email":"hiba.nasri@emsi-edu.ma","_firstName":"Hiba","_lastName":"Nasri","globalRole":"global:owner","workflowId":"sEwnlcS6sDW7poEd","workflowName":"My workflow","executionId":"6","source":"user-manual"}}
{"__type":"$$EventMessageConfirm","confirm":"a3bceb45-e576-43d4-97aa-049a3a4105a0","ts":"2026-04-26T16:00:41.997+00:00","source":{"id":"0","name":"eventBus"}}
{"__type":"$$EventMessageWorkflow","id":"2aa633a6-ce29-425a-bc44-6fd6567efa3f","ts":"2026-04-26T16:00:41.997+00:00","eventName":"n8n.workflow.started","message":"n8n.workflow.started","payload":{"executionId":"6","workflowId":"sEwnlcS6sDW7poEd","isManual":false,"mode":"manual","workflowName":"My workflow","projectId":"UvgSRX7FWz73BfQS","projectName":"Hiba Nasri <hiba.nasri@emsi-edu.ma>"}}
{"__type":"$$EventMessageConfirm","confirm":"2aa633a6-ce29-425a-bc44-6fd6567efa3f","ts":"2026-04-26T16:00:41.997+00:00","source":{"id":"0","name":"eventBus"}}
{"__type":"$$EventMessageNode","id":"84880c1c-50b8-489e-86f9-f1a7a3a1d688","ts":"2026-04-26T16:00:42.015+00:00","eventName":"n8n.node.started","message":"n8n.node.started","payload":{"workflowId":"sEwnlcS6sDW7poEd","workflowName":"My workflow","executionId":"6","nodeType":"n8n-nodes-base.httpRequest","nodeName":"HTTP Request","nodeId":"11faa514-b870-4a85-b9b6-c8bc0d029d4c"}}
{"__type":"$$EventMessageConfirm","confirm":"84880c1c-50b8-489e-86f9-f1a7a3a1d688","ts":"2026-04-26T16:00:42.016+00:00","source":{"id":"0","name":"eventBus"}}
{"__type":"$$EventMessageNode","id":"d4510b2a-c8d3-4912-a64d-c46a4fe4e6a7","ts":"2026-04-26T16:00:42.464+00:00","eventName":"n8n.node.finished","message":"n8n.node.finished","payload":{"workflowId":"sEwnlcS6sDW7poEd","workflowName":"My workflow","executionId":"6","nodeType":"n8n-nodes-base.httpRequest","nodeName":"HTTP Request","nodeId":"11faa514-b870-4a85-b9b6-c8bc0d029d4c"}}
{"__type":"$$EventMessageConfirm","confirm":"d4510b2a-c8d3-4912-a64d-c46a4fe4e6a7","ts":"2026-04-26T16:00:42.464+00:00","source":{"id":"0","name":"eventBus"}}
{"__type":"$$EventMessageWorkflow","id":"62f9e604-b826-4cf3-a51a-a80eb09d5bb8","ts":"2026-04-26T16:00:42.466+00:00","eventName":"n8n.workflow.failed","message":"n8n.workflow.failed","payload":{"userId":"fdce8772-e624-451b-bbf5-9a13dca5ea97","executionId":"6","success":false,"isManual":true,"mode":"manual","workflowId":"sEwnlcS6sDW7poEd","workflowName":"My workflow","projectId":"UvgSRX7FWz73BfQS","projectName":"Hiba Nasri <hiba.nasri@emsi-edu.ma>","lastNodeExecuted":"HTTP Request","errorNodeType":"n8n-nodes-base.httpRequest","errorMessage":"The resource you are requesting could not be found"}}
{"__type":"$$EventMessageConfirm","confirm":"62f9e604-b826-4cf3-a51a-a80eb09d5bb8","ts":"2026-04-26T16:00:42.466+00:00","source":{"id":"0","name":"eventBus"}}
{"__type":"$$EventMessageAudit","id":"4566eff3-c6ce-4724-81d5-96b52630dc7d","ts":"2026-04-26T16:01:51.338+00:00","eventName":"n8n.audit.workflow.updated","message":"n8n.audit.workflow.updated","payload":{"userId":"fdce8772-e624-451b-bbf5-9a13dca5ea97","_email":"hiba.nasri@emsi-edu.ma","_firstName":"Hiba","_lastName":"Nasri","globalRole":"global:owner","workflowId":"sEwnlcS6sDW7poEd","workflowName":"My workflow"}}
{"__type":"$$EventMessageConfirm","confirm":"4566eff3-c6ce-4724-81d5-96b52630dc7d","ts":"2026-04-26T16:01:51.338+00:00","source":{"id":"0","name":"eventBus"}}
{"__type":"$$EventMessageAudit","id":"b8435958-62b7-4617-812b-d2df5a658798","ts":"2026-04-26T16:02:00.348+00:00","eventName":"n8n.audit.workflow.updated","message":"n8n.audit.workflow.updated","payload":{"userId":"fdce8772-e624-451b-bbf5-9a13dca5ea97","_email":"hiba.nasri@emsi-edu.ma","_firstName":"Hiba","_lastName":"Nasri","globalRole":"global:owner","workflowId":"sEwnlcS6sDW7poEd","workflowName":"My workflow"}}
{"__type":"$$EventMessageConfirm","confirm":"b8435958-62b7-4617-812b-d2df5a658798","ts":"2026-04-26T16:02:00.348+00:00","source":{"id":"0","name":"eventBus"}}
{"__type":"$$EventMessageAudit","id":"0117fc34-e87b-4332-87c2-3f54404e590c","ts":"2026-04-26T16:02:05.973+00:00","eventName":"n8n.audit.workflow.updated","message":"n8n.audit.workflow.updated","payload":{"userId":"fdce8772-e624-451b-bbf5-9a13dca5ea97","_email":"hiba.nasri@emsi-edu.ma","_firstName":"Hiba","_lastName":"Nasri","globalRole":"global:owner","workflowId":"sEwnlcS6sDW7poEd","workflowName":"My workflow"}}
{"__type":"$$EventMessageConfirm","confirm":"0117fc34-e87b-4332-87c2-3f54404e590c","ts":"2026-04-26T16:02:05.973+00:00","source":{"id":"0","name":"eventBus"}}
{"__type":"$$EventMessageAudit","id":"6c4b07fe-d00e-4986-8cad-3191b31ff6a5","ts":"2026-04-26T16:02:08.280+00:00","eventName":"n8n.audit.workflow.updated","message":"n8n.audit.workflow.updated","payload":{"userId":"fdce8772-e624-451b-bbf5-9a13dca5ea97","_email":"hiba.nasri@emsi-edu.ma","_firstName":"Hiba","_lastName":"Nasri","globalRole":"global:owner","workflowId":"sEwnlcS6sDW7poEd","workflowName":"My workflow"}}
{"__type":"$$EventMessageConfirm","confirm":"6c4b07fe-d00e-4986-8cad-3191b31ff6a5","ts":"2026-04-26T16:02:08.280+00:00","source":{"id":"0","name":"eventBus"}}
{"__type":"$$EventMessageAudit","id":"36354713-49a6-4893-b9b8-3032f7cb28af","ts":"2026-04-26T16:02:08.352+00:00","eventName":"n8n.audit.workflow.executed","message":"n8n.audit.workflow.executed","payload":{"userId":"fdce8772-e624-451b-bbf5-9a13dca5ea97","_email":"hiba.nasri@emsi-edu.ma","_firstName":"Hiba","_lastName":"Nasri","globalRole":"global:owner","workflowId":"sEwnlcS6sDW7poEd","workflowName":"My workflow","executionId":"7","source":"user-manual"}}
{"__type":"$$EventMessageConfirm","confirm":"36354713-49a6-4893-b9b8-3032f7cb28af","ts":"2026-04-26T16:02:08.352+00:00","source":{"id":"0","name":"eventBus"}}
{"__type":"$$EventMessageWorkflow","id":"3a860922-9e8e-4bc0-a396-efac35317abd","ts":"2026-04-26T16:02:08.352+00:00","eventName":"n8n.workflow.started","message":"n8n.workflow.started","payload":{"executionId":"7","workflowId":"sEwnlcS6sDW7poEd","isManual":false,"mode":"manual","workflowName":"My workflow","projectId":"UvgSRX7FWz73BfQS","projectName":"Hiba Nasri <hiba.nasri@emsi-edu.ma>"}}
{"__type":"$$EventMessageConfirm","confirm":"3a860922-9e8e-4bc0-a396-efac35317abd","ts":"2026-04-26T16:02:08.352+00:00","source":{"id":"0","name":"eventBus"}}
{"__type":"$$EventMessageNode","id":"6262283b-ebf1-4bde-aa94-b65861b8828f","ts":"2026-04-26T16:02:08.371+00:00","eventName":"n8n.node.started","message":"n8n.node.started","payload":{"workflowId":"sEwnlcS6sDW7poEd","workflowName":"My workflow","executionId":"7","nodeType":"n8n-nodes-base.httpRequest","nodeName":"HTTP Request","nodeId":"11faa514-b870-4a85-b9b6-c8bc0d029d4c"}}
{"__type":"$$EventMessageConfirm","confirm":"6262283b-ebf1-4bde-aa94-b65861b8828f","ts":"2026-04-26T16:02:08.371+00:00","source":{"id":"0","name":"eventBus"}}
{"__type":"$$EventMessageAudit","id":"c43b8e66-2fdb-4e88-95a6-f642b2431e09","ts":"2026-04-26T16:02:08.452+00:00","eventName":"n8n.audit.workflow.updated","message":"n8n.audit.workflow.updated","payload":{"userId":"fdce8772-e624-451b-bbf5-9a13dca5ea97","_email":"hiba.nasri@emsi-edu.ma","_firstName":"Hiba","_lastName":"Nasri","globalRole":"global:owner","workflowId":"sEwnlcS6sDW7poEd","workflowName":"My workflow"}}
{"__type":"$$EventMessageConfirm","confirm":"c43b8e66-2fdb-4e88-95a6-f642b2431e09","ts":"2026-04-26T16:02:08.452+00:00","source":{"id":"0","name":"eventBus"}}
{"__type":"$$EventMessageNode","id":"0f6be0f0-580a-43b3-ad6f-bb7695db128e","ts":"2026-04-26T16:02:08.747+00:00","eventName":"n8n.node.finished","message":"n8n.node.finished","payload":{"workflowId":"sEwnlcS6sDW7poEd","workflowName":"My workflow","executionId":"7","nodeType":"n8n-nodes-base.httpRequest","nodeName":"HTTP Request","nodeId":"11faa514-b870-4a85-b9b6-c8bc0d029d4c"}}
{"__type":"$$EventMessageConfirm","confirm":"0f6be0f0-580a-43b3-ad6f-bb7695db128e","ts":"2026-04-26T16:02:08.747+00:00","source":{"id":"0","name":"eventBus"}}
{"__type":"$$EventMessageWorkflow","id":"05aa8d51-7c1c-498d-992d-dc32ca606e59","ts":"2026-04-26T16:02:08.749+00:00","eventName":"n8n.workflow.failed","message":"n8n.workflow.failed","payload":{"userId":"fdce8772-e624-451b-bbf5-9a13dca5ea97","executionId":"7","success":false,"isManual":true,"mode":"manual","workflowId":"sEwnlcS6sDW7poEd","workflowName":"My workflow","projectId":"UvgSRX7FWz73BfQS","projectName":"Hiba Nasri <hiba.nasri@emsi-edu.ma>","lastNodeExecuted":"HTTP Request","errorNodeType":"n8n-nodes-base.httpRequest","errorMessage":"The service is receiving too many requests from you"}}
{"__type":"$$EventMessageConfirm","confirm":"05aa8d51-7c1c-498d-992d-dc32ca606e59","ts":"2026-04-26T16:02:08.750+00:00","source":{"id":"0","name":"eventBus"}}
